[2026-06-24 12:11:42] kNot запущен (версия 1.0.0)
[2026-06-24 12:12:01] Импортирован конфиг: C:\Users\denis\ZCodeProject\kNot-CS\bin\Release\net10.0\win-x64\publish\data\conf\WARPw_12.conf
[2026-06-24 12:12:47] IP-списки обновлены
[2026-06-24 12:13:15] Конфиг собран: 4 CIDR
[2026-06-24 12:13:17] DPI-обход уже работает
[2026-06-24 12:17:13] kNot запущен (версия 1.0.0)
[2026-06-24 12:17:18] DPI-обход: запускаю (стратегия: fake)
[2026-06-24 12:17:21] DPI-обход: процесс упал
[2026-06-24 12:19:44] kNot запущен (версия 1.0.0)
[2026-06-24 12:19:47] DPI-обход: запускаю (стратегия: fake)
[2026-06-24 12:19:51] DPI-обход: запущен (PID 16204)
[2026-06-24 12:25:14] kNot запущен (версия 1.0.0)
[2026-06-24 12:25:18] Конфиг собран: 4 CIDR
[2026-06-24 12:25:23] Конфиг собран: 4 CIDR
[2026-06-24 12:25:25] DPI-обход: запускаю (стратегия: fake)
[2026-06-24 12:25:29] DPI-обход: запущен (PID 20856)
[2026-06-24 12:25:55] Проверяю связность туннеля (ping 1.1.1.1) ...
[2026-06-24 12:25:55] Тестирую доступность сервисов ...
[2026-06-24 12:31:23] kNot запущен (версия 1.0.0)
[2026-06-24 12:31:35] IP-списки обновлены
[2026-06-24 12:31:39] Конфиг собран: 4 CIDR
[2026-06-24 12:31:47] DPI-обход: остановлен
[2026-06-24 12:31:59] DPI-обход: запускаю (стратегия: fake)
[2026-06-24 12:32:03] DPI-обход: запущен (PID 2272)
[2026-06-24 12:32:25] Проверяю связность туннеля (ping 1.1.1.1) ...
[2026-06-24 12:32:25] Тестирую доступность сервисов ...
[2026-06-24 12:35:57] Endpoint изменён: 8.6.112.2:928 -> 162.159.192.1:4500
[2026-06-24 12:36:01] DPI-обход: остановлен
[2026-06-24 12:36:13] DPI-обход: запускаю (стратегия: fake)
[2026-06-24 12:36:17] DPI-обход: запущен (PID 20652)
[2026-06-24 12:36:36] Проверяю связность туннеля (ping 1.1.1.1) ...
[2026-06-24 12:36:36] Тестирую доступность сервисов ...
[2026-06-24 12:41:10] DPI-обход: остановлен
[2026-06-24 12:46:02] kNot запущен (версия 1.0.0)
[2026-06-24 12:46:06] Конфиг собран: 2120 CIDR
[2026-06-24 12:46:08] DPI-обход: остановлен
[2026-06-24 12:46:11] DPI-обход: запускаю (стратегия: fake)
[2026-06-24 12:46:15] DPI-обход: запущен (PID 9868)
[2026-06-24 12:46:41] Проверяю связность туннеля (ping 1.1.1.1) ...
[2026-06-24 12:46:41] Тестирую доступность сервисов ...
[2026-06-24 13:20:54] DPI-обход: остановлен
[2026-06-24 13:21:17] DPI-обход: запускаю (стратегия: fake)
[2026-06-24 13:21:21] DPI-обход: запущен (PID 20904)
[2026-06-24 13:24:48] kNot запущен (версия 1.0.0)
[2026-06-24 13:35:00] kNot запущен (версия 1.0.0)
[2026-06-24 13:35:04] DPI-обход: остановлен
[2026-06-24 13:35:27] DPI-обход: запускаю (стратегия: fake)
[2026-06-24 13:35:31] DPI-обход: запущен (PID 2596)
[2026-06-24 13:36:09] kNot запущен (версия 1.0.0)
[2026-06-24 13:36:23] kNot запущен (версия 1.0.0)
[2026-06-24 13:46:39] kNot запущен (версия 1.0.0)
[2026-06-24 13:46:46] kNot запущен (версия 1.0.0)
[2026-06-24 13:53:16] kNot запущен (версия 1.0.0)
[2026-06-24 13:54:04] kNot запущен (версия 1.0.0)
[2026-06-24 13:55:38] kNot запущен (версия 1.0.0)
[2026-06-24 13:55:43] DPI-обход: остановлен
[2026-06-24 13:55:55] DPI-обход: запускаю (стратегия: fake)
[2026-06-24 13:55:59] DPI-обход: запущен (PID 21080)
[2026-06-24 13:57:31] kNot запущен (версия 1.0.0)
[2026-06-24 13:58:17] DPI-обход: остановлен
[2026-06-24 13:59:12] DPI-обход: запускаю (стратегия: fake)
[2026-06-24 13:59:16] DPI-обход: запущен (PID 17888)
[2026-06-24 14:01:53] Проверяю связность туннеля (ping 1.1.1.1) ...
[2026-06-24 14:01:56] Тестирую доступность сервисов ...
